[0.333s] Invoking command in '/home/mihawk/RoArm-M1/src/serial_ctrl': CONDA_PROMPT_MODIFIER=(base) PYTHONPATH=/home/mihawk/RoArm-M1/build/serial_ctrl/prefix_override:/usr/lib/python3/dist-packages/colcon_core/task/python/colcon_distutils_commands:/home/mihawk/RoArm-M1/install/serial_ctrl/lib/python3.10/site-packages:${PYTHONPATH} /usr/bin/python3 -W ignore:setup.py install is deprecated -W ignore:easy_install command is deprecated setup.py egg_info --egg-base ../../build/serial_ctrl build --build-base /home/mihawk/RoArm-M1/build/serial_ctrl/build install --record /home/mihawk/RoArm-M1/build/serial_ctrl/install.log --single-version-externally-managed install_data
[0.451s] running egg_info
[0.452s] writing ../../build/serial_ctrl/serial_ctrl.egg-info/PKG-INFO
[0.452s] writing dependency_links to ../../build/serial_ctrl/serial_ctrl.egg-info/dependency_links.txt
[0.452s] writing entry points to ../../build/serial_ctrl/serial_ctrl.egg-info/entry_points.txt
[0.452s] writing requirements to ../../build/serial_ctrl/serial_ctrl.egg-info/requires.txt
[0.452s] writing top-level names to ../../build/serial_ctrl/serial_ctrl.egg-info/top_level.txt
[0.453s] reading manifest file '../../build/serial_ctrl/serial_ctrl.egg-info/SOURCES.txt'
[0.453s] writing manifest file '../../build/serial_ctrl/serial_ctrl.egg-info/SOURCES.txt'
[0.453s] running build
[0.453s] running build_py
[0.453s] copying serial_ctrl/serial_ctrl_py.py -> /home/mihawk/RoArm-M1/build/serial_ctrl/build/lib/serial_ctrl
[0.454s] running install
[0.454s] running install_lib
[0.454s] copying /home/mihawk/RoArm-M1/build/serial_ctrl/build/lib/serial_ctrl/serial_ctrl_py.py -> /home/mihawk/RoArm-M1/install/serial_ctrl/lib/python3.10/site-packages/serial_ctrl
[0.454s] byte-compiling /home/mihawk/RoArm-M1/install/serial_ctrl/lib/python3.10/site-packages/serial_ctrl/serial_ctrl_py.py to serial_ctrl_py.cpython-310.pyc
[0.455s] running install_data
[0.455s] running install_egg_info
[0.456s] removing '/home/mihawk/RoArm-M1/install/serial_ctrl/lib/python3.10/site-packages/serial_ctrl-0.0.0-py3.10.egg-info' (and everything under it)
[0.456s] Copying ../../build/serial_ctrl/serial_ctrl.egg-info to /home/mihawk/RoArm-M1/install/serial_ctrl/lib/python3.10/site-packages/serial_ctrl-0.0.0-py3.10.egg-info
[0.456s] running install_scripts
[0.470s] Installing serial_ctrl script to /home/mihawk/RoArm-M1/install/serial_ctrl/lib/serial_ctrl
[0.470s] writing list of installed files to '/home/mihawk/RoArm-M1/build/serial_ctrl/install.log'
[0.487s] Invoked command in '/home/mihawk/RoArm-M1/src/serial_ctrl' returned '0': CONDA_PROMPT_MODIFIER=(base) PYTHONPATH=/home/mihawk/RoArm-M1/build/serial_ctrl/prefix_override:/usr/lib/python3/dist-packages/colcon_core/task/python/colcon_distutils_commands:/home/mihawk/RoArm-M1/install/serial_ctrl/lib/python3.10/site-packages:${PYTHONPATH} /usr/bin/python3 -W ignore:setup.py install is deprecated -W ignore:easy_install command is deprecated setup.py egg_info --egg-base ../../build/serial_ctrl build --build-base /home/mihawk/RoArm-M1/build/serial_ctrl/build install --record /home/mihawk/RoArm-M1/build/serial_ctrl/install.log --single-version-externally-managed install_data
