[0.349s] Invoking command in '/home/mihawk/RoArm-M1/src/serial_ctrl': CONDA_PROMPT_MODIFIER=(base) PYTHONPATH=/home/mihawk/RoArm-M1/build/serial_ctrl/prefix_override:/usr/lib/python3/dist-packages/colcon_core/task/python/colcon_distutils_commands:/home/mihawk/RoArm-M1/install/serial_ctrl/lib/python3.10/site-packages:${PYTHONPATH} /usr/bin/python3 -W ignore:setup.py install is deprecated -W ignore:easy_install command is deprecated setup.py egg_info --egg-base ../../build/serial_ctrl build --build-base /home/mihawk/RoArm-M1/build/serial_ctrl/build install --record /home/mihawk/RoArm-M1/build/serial_ctrl/install.log --single-version-externally-managed install_data
[0.463s] running egg_info
[0.463s] creating ../../build/serial_ctrl/serial_ctrl.egg-info
[0.463s] writing ../../build/serial_ctrl/serial_ctrl.egg-info/PKG-INFO
[0.463s] writing dependency_links to ../../build/serial_ctrl/serial_ctrl.egg-info/dependency_links.txt
[0.463s] writing entry points to ../../build/serial_ctrl/serial_ctrl.egg-info/entry_points.txt
[0.463s] writing requirements to ../../build/serial_ctrl/serial_ctrl.egg-info/requires.txt
[0.463s] writing top-level names to ../../build/serial_ctrl/serial_ctrl.egg-info/top_level.txt
[0.463s] writing manifest file '../../build/serial_ctrl/serial_ctrl.egg-info/SOURCES.txt'
[0.464s] reading manifest file '../../build/serial_ctrl/serial_ctrl.egg-info/SOURCES.txt'
[0.464s] writing manifest file '../../build/serial_ctrl/serial_ctrl.egg-info/SOURCES.txt'
[0.464s] running build
[0.464s] running build_py
[0.464s] creating /home/mihawk/RoArm-M1/build/serial_ctrl/build
[0.464s] creating /home/mihawk/RoArm-M1/build/serial_ctrl/build/lib
[0.464s] creating /home/mihawk/RoArm-M1/build/serial_ctrl/build/lib/serial_ctrl
[0.465s] copying serial_ctrl/serial_ctrl_py.py -> /home/mihawk/RoArm-M1/build/serial_ctrl/build/lib/serial_ctrl
[0.465s] copying serial_ctrl/__init__.py -> /home/mihawk/RoArm-M1/build/serial_ctrl/build/lib/serial_ctrl
[0.465s] running install
[0.465s] running install_lib
[0.465s] creating /home/mihawk/RoArm-M1/install/serial_ctrl/lib/python3.10/site-packages/serial_ctrl
[0.465s] copying /home/mihawk/RoArm-M1/build/serial_ctrl/build/lib/serial_ctrl/serial_ctrl_py.py -> /home/mihawk/RoArm-M1/install/serial_ctrl/lib/python3.10/site-packages/serial_ctrl
[0.465s] copying /home/mihawk/RoArm-M1/build/serial_ctrl/build/lib/serial_ctrl/__init__.py -> /home/mihawk/RoArm-M1/install/serial_ctrl/lib/python3.10/site-packages/serial_ctrl
[0.465s] byte-compiling /home/mihawk/RoArm-M1/install/serial_ctrl/lib/python3.10/site-packages/serial_ctrl/serial_ctrl_py.py to serial_ctrl_py.cpython-310.pyc
[0.466s] byte-compiling /home/mihawk/RoArm-M1/install/serial_ctrl/lib/python3.10/site-packages/serial_ctrl/__init__.py to __init__.cpython-310.pyc
[0.466s] running install_data
[0.466s] creating /home/mihawk/RoArm-M1/install/serial_ctrl/share/ament_index
[0.466s] creating /home/mihawk/RoArm-M1/install/serial_ctrl/share/ament_index/resource_index
[0.466s] creating /home/mihawk/RoArm-M1/install/serial_ctrl/share/ament_index/resource_index/packages
[0.466s] copying resource/serial_ctrl -> /home/mihawk/RoArm-M1/install/serial_ctrl/share/ament_index/resource_index/packages
[0.466s] copying package.xml -> /home/mihawk/RoArm-M1/install/serial_ctrl/share/serial_ctrl
[0.466s] running install_egg_info
[0.467s] Copying ../../build/serial_ctrl/serial_ctrl.egg-info to /home/mihawk/RoArm-M1/install/serial_ctrl/lib/python3.10/site-packages/serial_ctrl-0.0.0-py3.10.egg-info
[0.467s] running install_scripts
[0.478s] Installing serial_ctrl script to /home/mihawk/RoArm-M1/install/serial_ctrl/lib/serial_ctrl
[0.478s] writing list of installed files to '/home/mihawk/RoArm-M1/build/serial_ctrl/install.log'
[0.490s] Invoked command in '/home/mihawk/RoArm-M1/src/serial_ctrl' returned '0': CONDA_PROMPT_MODIFIER=(base) PYTHONPATH=/home/mihawk/RoArm-M1/build/serial_ctrl/prefix_override:/usr/lib/python3/dist-packages/colcon_core/task/python/colcon_distutils_commands:/home/mihawk/RoArm-M1/install/serial_ctrl/lib/python3.10/site-packages:${PYTHONPATH} /usr/bin/python3 -W ignore:setup.py install is deprecated -W ignore:easy_install command is deprecated setup.py egg_info --egg-base ../../build/serial_ctrl build --build-base /home/mihawk/RoArm-M1/build/serial_ctrl/build install --record /home/mihawk/RoArm-M1/build/serial_ctrl/install.log --single-version-externally-managed install_data
