[0.008s] Invoking command in '/home/mihawk/RoArm-M1/build/roarm': CMAKE_PREFIX_PATH=/opt/ros/humble CONDA_PROMPT_MODIFIER=(base) /usr/bin/cmake /home/mihawk/RoArm-M1/src/roarm -DCMAKE_INSTALL_PREFIX=/home/mihawk/RoArm-M1/install/roarm
[0.012s] [0mCMake Deprecation Warning at CMakeLists.txt:1 (cmake_minimum_required):
[0.012s]   Compatibility with CMake < 3.10 will be removed from a future version of
[0.012s]   CMake.
[0.012s] 
[0.012s]   Update the VERSION argument <min> value.  Or, use the <min>...<max> syntax
[0.012s]   to tell CMake that the project requires at least <min> but has been updated
[0.012s]   to work with policies introduced by <max> or earlier.
[0.012s] 
[0.012s] [0m
[0.065s] -- The C compiler identification is GNU 11.4.0
[0.120s] -- The CXX compiler identification is GNU 11.4.0
[0.128s] -- Detecting C compiler ABI info
[0.205s] -- Detecting C compiler ABI info - done
[0.214s] -- Check for working C compiler: /usr/bin/cc - skipped
[0.215s] -- Detecting C compile features
[0.215s] -- Detecting C compile features - done
[0.225s] -- Detecting CXX compiler ABI info
[0.288s] -- Detecting CXX compiler ABI info - done
[0.297s] -- Check for working CXX compiler: /usr/bin/c++ - skipped
[0.298s] -- Detecting CXX compile features
[0.298s] -- Detecting CXX compile features - done
[0.307s] -- Found ament_cmake: 1.3.11 (/opt/ros/humble/share/ament_cmake/cmake)
[0.432s] -- Found Python3: /home/mihawk/anaconda3/bin/python3 (found version "3.12.7") found components: Interpreter
[0.497s] -- Found ament_lint_auto: 0.12.11 (/opt/ros/humble/share/ament_lint_auto/cmake)
[0.562s] -- Added test 'flake8' to check Python code syntax and style conventions
[0.562s] -- Added test 'lint_cmake' to check CMake code style
[0.563s] -- Added test 'pep257' to check Python code against some of the docstring style conventions in PEP 257
[0.564s] -- Added test 'xmllint' to check XML markup files
[0.564s] -- Configuring done (0.6s)
[0.566s] -- Generating done (0.0s)
[0.566s] -- Build files have been written to: /home/mihawk/RoArm-M1/build/roarm
[0.569s] Invoked command in '/home/mihawk/RoArm-M1/build/roarm' returned '0': CMAKE_PREFIX_PATH=/opt/ros/humble CONDA_PROMPT_MODIFIER=(base) /usr/bin/cmake /home/mihawk/RoArm-M1/src/roarm -DCMAKE_INSTALL_PREFIX=/home/mihawk/RoArm-M1/install/roarm
[0.570s] Invoking command in '/home/mihawk/RoArm-M1/build/roarm': CMAKE_PREFIX_PATH=/opt/ros/humble CONDA_PROMPT_MODIFIER=(base) /usr/bin/cmake --build /home/mihawk/RoArm-M1/build/roarm -- -j20 -l20
[0.590s] Invoked command in '/home/mihawk/RoArm-M1/build/roarm' returned '0': CMAKE_PREFIX_PATH=/opt/ros/humble CONDA_PROMPT_MODIFIER=(base) /usr/bin/cmake --build /home/mihawk/RoArm-M1/build/roarm -- -j20 -l20
[0.593s] Invoking command in '/home/mihawk/RoArm-M1/build/roarm': CMAKE_PREFIX_PATH=/opt/ros/humble CONDA_PROMPT_MODIFIER=(base) /usr/bin/cmake --install /home/mihawk/RoArm-M1/build/roarm
[0.596s] -- Install configuration: ""
[0.596s] -- Installing: /home/mihawk/RoArm-M1/install/roarm/share/roarm/config
[0.596s] -- Installing: /home/mihawk/RoArm-M1/install/roarm/share/roarm/config/.gitkeep
[0.596s] -- Installing: /home/mihawk/RoArm-M1/install/roarm/share/roarm/launch
[0.596s] -- Installing: /home/mihawk/RoArm-M1/install/roarm/share/roarm/launch/roarm.launch.py
[0.596s] -- Installing: /home/mihawk/RoArm-M1/install/roarm/share/roarm/maps
[0.596s] -- Installing: /home/mihawk/RoArm-M1/install/roarm/share/roarm/maps/.gitkeep
[0.596s] -- Installing: /home/mihawk/RoArm-M1/install/roarm/share/roarm/meshes
[0.596s] -- Installing: /home/mihawk/RoArm-M1/install/roarm/share/roarm/meshes/L1.stl
[0.599s] -- Installing: /home/mihawk/RoArm-M1/install/roarm/share/roarm/meshes/L2.stl
[0.599s] -- Installing: /home/mihawk/RoArm-M1/install/roarm/share/roarm/meshes/L5_2_B.stl
[0.599s] -- Installing: /home/mihawk/RoArm-M1/install/roarm/share/roarm/meshes/L4.stl
[0.602s] -- Installing: /home/mihawk/RoArm-M1/install/roarm/share/roarm/meshes/L3.stl
[0.606s] -- Installing: /home/mihawk/RoArm-M1/install/roarm/share/roarm/meshes/L5_1_A.stl
[0.606s] -- Installing: /home/mihawk/RoArm-M1/install/roarm/share/roarm/meshes/L5_1_B.stl
[0.607s] -- Installing: /home/mihawk/RoArm-M1/install/roarm/share/roarm/meshes/L5_2_A.stl
[0.607s] -- Installing: /home/mihawk/RoArm-M1/install/roarm/share/roarm/meshes/L5_3_B.stl
[0.607s] -- Installing: /home/mihawk/RoArm-M1/install/roarm/share/roarm/meshes/base.stl
[0.608s] -- Installing: /home/mihawk/RoArm-M1/install/roarm/share/roarm/meshes/L5_3_A.stl
[0.608s] -- Installing: /home/mihawk/RoArm-M1/install/roarm/share/roarm/models
[0.608s] -- Installing: /home/mihawk/RoArm-M1/install/roarm/share/roarm/models/.gitkeep
[0.608s] -- Installing: /home/mihawk/RoArm-M1/install/roarm/share/roarm/params
[0.608s] -- Installing: /home/mihawk/RoArm-M1/install/roarm/share/roarm/params/.gitkeep
[0.608s] -- Installing: /home/mihawk/RoArm-M1/install/roarm/share/roarm/rviz
[0.608s] -- Installing: /home/mihawk/RoArm-M1/install/roarm/share/roarm/rviz/rviz_basic_settings.rviz
[0.608s] -- Installing: /home/mihawk/RoArm-M1/install/roarm/share/roarm/src
[0.608s] -- Installing: /home/mihawk/RoArm-M1/install/roarm/share/roarm/src/.gitkeep
[0.608s] -- Installing: /home/mihawk/RoArm-M1/install/roarm/share/roarm/urdf
[0.608s] -- Installing: /home/mihawk/RoArm-M1/install/roarm/share/roarm/urdf/roarm.urdf
[0.608s] -- Installing: /home/mihawk/RoArm-M1/install/roarm/share/roarm/worlds
[0.608s] -- Installing: /home/mihawk/RoArm-M1/install/roarm/share/roarm/worlds/.gitkeep
[0.608s] -- Installing: /home/mihawk/RoArm-M1/install/roarm/share/ament_index/resource_index/package_run_dependencies/roarm
[0.608s] -- Installing: /home/mihawk/RoArm-M1/install/roarm/share/ament_index/resource_index/parent_prefix_path/roarm
[0.608s] -- Installing: /home/mihawk/RoArm-M1/install/roarm/share/roarm/environment/ament_prefix_path.sh
[0.608s] -- Installing: /home/mihawk/RoArm-M1/install/roarm/share/roarm/environment/ament_prefix_path.dsv
[0.608s] -- Installing: /home/mihawk/RoArm-M1/install/roarm/share/roarm/environment/path.sh
[0.608s] -- Installing: /home/mihawk/RoArm-M1/install/roarm/share/roarm/environment/path.dsv
[0.608s] -- Installing: /home/mihawk/RoArm-M1/install/roarm/share/roarm/local_setup.bash
[0.608s] -- Installing: /home/mihawk/RoArm-M1/install/roarm/share/roarm/local_setup.sh
[0.608s] -- Installing: /home/mihawk/RoArm-M1/install/roarm/share/roarm/local_setup.zsh
[0.608s] -- Installing: /home/mihawk/RoArm-M1/install/roarm/share/roarm/local_setup.dsv
[0.608s] -- Installing: /home/mihawk/RoArm-M1/install/roarm/share/roarm/package.dsv
[0.609s] -- Installing: /home/mihawk/RoArm-M1/install/roarm/share/ament_index/resource_index/packages/roarm
[0.609s] -- Installing: /home/mihawk/RoArm-M1/install/roarm/share/roarm/cmake/roarmConfig.cmake
[0.609s] -- Installing: /home/mihawk/RoArm-M1/install/roarm/share/roarm/cmake/roarmConfig-version.cmake
[0.609s] -- Installing: /home/mihawk/RoArm-M1/install/roarm/share/roarm/package.xml
[0.610s] Invoked command in '/home/mihawk/RoArm-M1/build/roarm' returned '0': CMAKE_PREFIX_PATH=/opt/ros/humble CONDA_PROMPT_MODIFIER=(base) /usr/bin/cmake --install /home/mihawk/RoArm-M1/build/roarm
