[0.008s] Invoking command in '/home/mihawk/RoArm-M1/build/roarm': CMAKE_PREFIX_PATH=${CMAKE_PREFIX_PATH}:/home/mihawk/RoArm-M1/install/serial_ctrl:/opt/ros/humble CONDA_PROMPT_MODIFIER=(base) /usr/bin/cmake --build /home/mihawk/RoArm-M1/build/roarm -- -j20 -l20
[0.132s] Invoked command in '/home/mihawk/RoArm-M1/build/roarm' returned '0': CMAKE_PREFIX_PATH=${CMAKE_PREFIX_PATH}:/home/mihawk/RoArm-M1/install/serial_ctrl:/opt/ros/humble CONDA_PROMPT_MODIFIER=(base) /usr/bin/cmake --build /home/mihawk/RoArm-M1/build/roarm -- -j20 -l20
[0.137s] Invoking command in '/home/mihawk/RoArm-M1/build/roarm': CMAKE_PREFIX_PATH=${CMAKE_PREFIX_PATH}:/home/mihawk/RoArm-M1/install/serial_ctrl:/opt/ros/humble CONDA_PROMPT_MODIFIER=(base) /usr/bin/cmake --install /home/mihawk/RoArm-M1/build/roarm
[0.141s] -- Install configuration: ""
[0.141s] -- Up-to-date: /home/mihawk/RoArm-M1/install/roarm/share/roarm/config
[0.141s] -- Up-to-date: /home/mihawk/RoArm-M1/install/roarm/share/roarm/config/.gitkeep
[0.141s] -- Up-to-date: /home/mihawk/RoArm-M1/install/roarm/share/roarm/launch
[0.141s] -- Up-to-date: /home/mihawk/RoArm-M1/install/roarm/share/roarm/launch/roarm.launch.py
[0.141s] -- Up-to-date: /home/mihawk/RoArm-M1/install/roarm/share/roarm/maps
[0.141s] -- Up-to-date: /home/mihawk/RoArm-M1/install/roarm/share/roarm/maps/.gitkeep
[0.141s] -- Up-to-date: /home/mihawk/RoArm-M1/install/roarm/share/roarm/meshes
[0.142s] -- Up-to-date: /home/mihawk/RoArm-M1/install/roarm/share/roarm/meshes/L1.stl
[0.142s] -- Up-to-date: /home/mihawk/RoArm-M1/install/roarm/share/roarm/meshes/L2.stl
[0.142s] -- Up-to-date: /home/mihawk/RoArm-M1/install/roarm/share/roarm/meshes/L5_2_B.stl
[0.142s] -- Up-to-date: /home/mihawk/RoArm-M1/install/roarm/share/roarm/meshes/L4.stl
[0.142s] -- Up-to-date: /home/mihawk/RoArm-M1/install/roarm/share/roarm/meshes/L3.stl
[0.142s] -- Up-to-date: /home/mihawk/RoArm-M1/install/roarm/share/roarm/meshes/L5_1_A.stl
[0.142s] -- Up-to-date: /home/mihawk/RoArm-M1/install/roarm/share/roarm/meshes/L5_1_B.stl
[0.142s] -- Up-to-date: /home/mihawk/RoArm-M1/install/roarm/share/roarm/meshes/L5_2_A.stl
[0.142s] -- Up-to-date: /home/mihawk/RoArm-M1/install/roarm/share/roarm/meshes/L5_3_B.stl
[0.142s] -- Up-to-date: /home/mihawk/RoArm-M1/install/roarm/share/roarm/meshes/base.stl
[0.142s] -- Up-to-date: /home/mihawk/RoArm-M1/install/roarm/share/roarm/meshes/L5_3_A.stl
[0.142s] -- Up-to-date: /home/mihawk/RoArm-M1/install/roarm/share/roarm/models
[0.142s] -- Up-to-date: /home/mihawk/RoArm-M1/install/roarm/share/roarm/models/.gitkeep
[0.142s] -- Up-to-date: /home/mihawk/RoArm-M1/install/roarm/share/roarm/params
[0.142s] -- Up-to-date: /home/mihawk/RoArm-M1/install/roarm/share/roarm/params/.gitkeep
[0.142s] -- Up-to-date: /home/mihawk/RoArm-M1/install/roarm/share/roarm/rviz
[0.142s] -- Up-to-date: /home/mihawk/RoArm-M1/install/roarm/share/roarm/rviz/rviz_basic_settings.rviz
[0.142s] -- Up-to-date: /home/mihawk/RoArm-M1/install/roarm/share/roarm/src
[0.142s] -- Up-to-date: /home/mihawk/RoArm-M1/install/roarm/share/roarm/src/.gitkeep
[0.142s] -- Up-to-date: /home/mihawk/RoArm-M1/install/roarm/share/roarm/urdf
[0.142s] -- Up-to-date: /home/mihawk/RoArm-M1/install/roarm/share/roarm/urdf/roarm.urdf
[0.142s] -- Up-to-date: /home/mihawk/RoArm-M1/install/roarm/share/roarm/worlds
[0.142s] -- Up-to-date: /home/mihawk/RoArm-M1/install/roarm/share/roarm/worlds/.gitkeep
[0.142s] -- Up-to-date: /home/mihawk/RoArm-M1/install/roarm/share/ament_index/resource_index/package_run_dependencies/roarm
[0.142s] -- Up-to-date: /home/mihawk/RoArm-M1/install/roarm/share/ament_index/resource_index/parent_prefix_path/roarm
[0.142s] -- Up-to-date: /home/mihawk/RoArm-M1/install/roarm/share/roarm/environment/ament_prefix_path.sh
[0.142s] -- Up-to-date: /home/mihawk/RoArm-M1/install/roarm/share/roarm/environment/ament_prefix_path.dsv
[0.142s] -- Up-to-date: /home/mihawk/RoArm-M1/install/roarm/share/roarm/environment/path.sh
[0.142s] -- Up-to-date: /home/mihawk/RoArm-M1/install/roarm/share/roarm/environment/path.dsv
[0.142s] -- Up-to-date: /home/mihawk/RoArm-M1/install/roarm/share/roarm/local_setup.bash
[0.142s] -- Up-to-date: /home/mihawk/RoArm-M1/install/roarm/share/roarm/local_setup.sh
[0.142s] -- Up-to-date: /home/mihawk/RoArm-M1/install/roarm/share/roarm/local_setup.zsh
[0.142s] -- Up-to-date: /home/mihawk/RoArm-M1/install/roarm/share/roarm/local_setup.dsv
[0.142s] -- Installing: /home/mihawk/RoArm-M1/install/roarm/share/roarm/package.dsv
[0.142s] -- Up-to-date: /home/mihawk/RoArm-M1/install/roarm/share/ament_index/resource_index/packages/roarm
[0.142s] -- Up-to-date: /home/mihawk/RoArm-M1/install/roarm/share/roarm/cmake/roarmConfig.cmake
[0.142s] -- Up-to-date: /home/mihawk/RoArm-M1/install/roarm/share/roarm/cmake/roarmConfig-version.cmake
[0.142s] -- Up-to-date: /home/mihawk/RoArm-M1/install/roarm/share/roarm/package.xml
[0.143s] Invoked command in '/home/mihawk/RoArm-M1/build/roarm' returned '0': CMAKE_PREFIX_PATH=${CMAKE_PREFIX_PATH}:/home/mihawk/RoArm-M1/install/serial_ctrl:/opt/ros/humble CONDA_PROMPT_MODIFIER=(base) /usr/bin/cmake --install /home/mihawk/RoArm-M1/build/roarm
